2018-09-24 09:48:50,253 (PID:3229) - INFO - 
2018-09-24 09:48:50,254 (PID:3229) - INFO - ***********************************************
2018-09-24 09:48:50,254 (PID:3229) - INFO - Pyicoteo running... (PID: 3229)
2018-09-24 09:48:50,254 (PID:3229) - INFO - This log will also be saved at: /home/wangming/work/yu_2018/projects/goldclip_v2/goldclip/log_parser/pyicoclip.log
2018-09-24 09:48:50,254 (PID:3229) - INFO - Converting file /home/wangming/data/genome/hg19/annotation/homer/coding.ann.bed from bed to bed_pk...
2018-09-24 09:48:50,254 (PID:3229) - INFO - Sorting experiment file...
2018-09-24 09:48:56,327 (PID:3229) - INFO - ... Merging chunks...
2018-09-24 09:48:57,844 (PID:3229) - INFO - Sorting region file...
2018-09-24 09:49:04,747 (PID:3229) - INFO - ... Merging chunks...
2018-09-24 09:49:06,245 (PID:3229) - INFO - Processing chr1...
2018-09-24 09:49:07,751 (PID:3229) - INFO - Processing chr10...
2018-09-24 09:49:08,547 (PID:3229) - INFO - Processing chr11...
2018-09-24 09:49:09,398 (PID:3229) - INFO - Processing chr12...
2018-09-24 09:49:10,244 (PID:3229) - INFO - Processing chr13...
2018-09-24 09:49:10,531 (PID:3229) - INFO - Processing chr14...
2018-09-24 09:49:10,999 (PID:3229) - INFO - Processing chr15...
2018-09-24 09:49:11,603 (PID:3229) - INFO - Processing chr16...
2018-09-24 09:49:12,254 (PID:3229) - INFO - Processing chr17...
2018-09-24 09:49:13,143 (PID:3229) - INFO - Processing chr17_ctg5_hap1...
2018-09-24 09:49:13,157 (PID:3229) - INFO - Processing chr17_gl000205_random...
2018-09-24 09:49:13,157 (PID:3229) - INFO - Processing chr18...
2018-09-24 09:49:13,405 (PID:3229) - INFO - Processing chr19...
2018-09-24 09:49:14,201 (PID:3229) - INFO - Processing chr19_gl000209_random...
2018-09-24 09:49:14,205 (PID:3229) - INFO - Processing chr1_gl000191_random...
2018-09-24 09:49:14,207 (PID:3229) - INFO - Processing chr1_gl000192_random...
2018-09-24 09:49:14,208 (PID:3229) - INFO - Processing chr2...
2018-09-24 09:49:15,481 (PID:3229) - INFO - Processing chr20...
2018-09-24 09:49:15,877 (PID:3229) - INFO - Processing chr21...
2018-09-24 09:49:16,073 (PID:3229) - INFO - Processing chr22...
2018-09-24 09:49:16,389 (PID:3229) - INFO - Processing chr3...
2018-09-24 09:49:17,315 (PID:3229) - INFO - Processing chr4...
2018-09-24 09:49:17,916 (PID:3229) - INFO - Processing chr4_ctg9_hap1...
2018-09-24 09:49:17,920 (PID:3229) - INFO - Processing chr4_gl000193_random...
2018-09-24 09:49:17,920 (PID:3229) - INFO - Processing chr4_gl000194_random...
2018-09-24 09:49:17,921 (PID:3229) - INFO - Processing chr5...
2018-09-24 09:49:18,631 (PID:3229) - INFO - Processing chr6...
2018-09-24 09:49:19,378 (PID:3229) - INFO - Processing chr6_apd_hap1...
2018-09-24 09:49:19,420 (PID:3229) - INFO - Processing chr6_cox_hap2...
2018-09-24 09:49:19,532 (PID:3229) - INFO - Processing chr6_dbb_hap3...
2018-09-24 09:49:19,637 (PID:3229) - INFO - Processing chr6_mann_hap4...
2018-09-24 09:49:19,722 (PID:3229) - INFO - Processing chr6_mcf_hap5...
2018-09-24 09:49:19,837 (PID:3229) - INFO - Processing chr6_qbl_hap6...
2018-09-24 09:49:19,943 (PID:3229) - INFO - Processing chr6_ssto_hap7...
2018-09-24 09:49:20,037 (PID:3229) - INFO - Processing chr7...
2018-09-24 09:49:20,743 (PID:3229) - INFO - Processing chr7_gl000195_random...
2018-09-24 09:49:20,744 (PID:3229) - INFO - Processing chr8...
2018-09-24 09:49:21,244 (PID:3229) - INFO - Processing chr9...
2018-09-24 09:49:21,863 (PID:3229) - INFO - Processing chrM...
2018-09-24 09:49:21,864 (PID:3229) - INFO - Processing chrUn_gl000211...
2018-09-24 09:49:21,864 (PID:3229) - INFO - Processing chrUn_gl000212...
2018-09-24 09:49:21,864 (PID:3229) - INFO - Processing chrUn_gl000213...
2018-09-24 09:49:21,865 (PID:3229) - INFO - Processing chrUn_gl000215...
2018-09-24 09:49:21,865 (PID:3229) - INFO - Processing chrUn_gl000218...
2018-09-24 09:49:21,865 (PID:3229) - INFO - Processing chrUn_gl000219...
2018-09-24 09:49:21,866 (PID:3229) - INFO - Processing chrUn_gl000220...
2018-09-24 09:49:21,867 (PID:3229) - INFO - Processing chrUn_gl000222...
2018-09-24 09:49:21,867 (PID:3229) - INFO - Processing chrUn_gl000223...
2018-09-24 09:49:21,869 (PID:3229) - INFO - Processing chrUn_gl000224...
2018-09-24 09:49:21,869 (PID:3229) - INFO - Processing chrUn_gl000227...
2018-09-24 09:49:21,869 (PID:3229) - INFO - Processing chrUn_gl000228...
2018-09-24 09:49:21,870 (PID:3229) - INFO - Processing chrUn_gl000241...
2018-09-24 09:49:21,870 (PID:3229) - INFO - Processing chrX...
2018-09-24 09:49:22,421 (PID:3229) - INFO - Processing chrY...
2018-09-24 09:49:22,553 (PID:3229) - INFO - Running modfdr filter with 0.001 p-value threshold and 100 repeats...
